[pid:55300] 2026-07-11T00:42:34.465436Z  INFO shioaji::api::api_v1::auth::token_login: Found cached token from slot 1, verifying...
[pid:55300] 2026-07-11T00:42:34.504741Z  INFO shioaji::api::api_v1::auth::token_login: Cached token is valid, using it
[pid:55300] 2026-07-11T00:42:34.555775Z  INFO shioaji::api::api_v1::contracts::api: Loaded 127 IND contracts from cache
[pid:55300] 2026-07-11T00:42:34.572489Z  INFO shioaji::api::api_v1::contracts::api: Loaded 41625 STK contracts from cache
[pid:55300] 2026-07-11T00:42:34.584944Z  INFO shioaji::api::api_v1::contracts::api: Loaded 2467 FUT contracts from cache
[pid:55300] 2026-07-11T00:42:34.597815Z  INFO shioaji::api::api_v1::contracts::api: Loaded 8914 OPT contracts from cache
[pid:55300] 2026-07-11T00:42:34.598303Z  INFO _core::api::auth::login: Loaded 53133 contracts after login
[pid:55300] 2026-07-11T00:42:35.521265Z  INFO shioaji::api::token_pool: Successfully released token slot 1 via temporary runtime
[pid:55496] 2026-07-11T00:48:18.567160Z  INFO shioaji::api::api_v1::auth::token_login: Found cached token from slot 1, verifying...
[pid:55496] 2026-07-11T00:48:18.618044Z  INFO shioaji::api::api_v1::auth::token_login: Cached token is valid, using it
[pid:55496] 2026-07-11T00:48:18.621154Z  INFO shioaji::api::api_v1::contracts::api: Loaded 127 IND contracts from cache
[pid:55496] 2026-07-11T00:48:18.626019Z  INFO shioaji::api::api_v1::contracts::api: Loaded 41625 STK contracts from cache
[pid:55496] 2026-07-11T00:48:18.627755Z  INFO shioaji::api::api_v1::contracts::api: Loaded 2467 FUT contracts from cache
[pid:55496] 2026-07-11T00:48:18.630064Z  INFO shioaji::api::api_v1::contracts::api: Loaded 8914 OPT contracts from cache
[pid:55496] 2026-07-11T00:48:18.630207Z  INFO _core::api::auth::login: Loaded 53133 contracts after login
[pid:55496] 2026-07-11T00:48:37.399594Z  INFO shioaji::api::token_pool: Successfully released token slot 1 via temporary runtime
[pid:60652] 2026-07-11T01:41:31.770075Z  INFO shioaji::api::api_v1::auth::token_login: Found cached token from slot 1, verifying...
[pid:60652] 2026-07-11T01:41:31.819762Z  INFO shioaji::api::api_v1::auth::token_login: Cached token is valid, using it
[pid:60652] 2026-07-11T01:41:31.881348Z  INFO shioaji::api::api_v1::contracts::api: Loaded 127 IND contracts from cache
[pid:60652] 2026-07-11T01:41:31.898001Z  INFO shioaji::api::api_v1::contracts::api: Loaded 41625 STK contracts from cache
[pid:60652] 2026-07-11T01:41:31.907986Z  INFO shioaji::api::api_v1::contracts::api: Loaded 2467 FUT contracts from cache
[pid:60652] 2026-07-11T01:41:31.918038Z  INFO shioaji::api::api_v1::contracts::api: Loaded 8914 OPT contracts from cache
[pid:60652] 2026-07-11T01:41:31.918418Z  INFO _core::api::auth::login: Loaded 53133 contracts after login
[pid:58364] 2026-07-11T15:59:38.789571Z  INFO shioaji::api::token_pool: Successfully released token slot 2 via temporary runtime
[pid:53752] 2026-07-11T16:09:02.050261Z  INFO shioaji::api::api_v1::auth::token_login: Found cached token from slot 2, verifying...
[pid:53752] 2026-07-11T16:09:02.102292Z  INFO shioaji::api::api_v1::auth::token_login: Cached token is valid, using it
[pid:53752] 2026-07-11T16:09:02.112444Z  INFO shioaji::api::api_v1::contracts::api: Loaded 127 IND contracts from cache
[pid:53752] 2026-07-11T16:09:02.122167Z  INFO shioaji::api::api_v1::contracts::api: Loaded 41625 STK contracts from cache
[pid:53752] 2026-07-11T16:09:02.126554Z  INFO shioaji::api::api_v1::contracts::api: Loaded 2467 FUT contracts from cache
[pid:53752] 2026-07-11T16:09:02.130085Z  INFO shioaji::api::api_v1::contracts::api: Loaded 8914 OPT contracts from cache
[pid:53752] 2026-07-11T16:09:02.130331Z  INFO _core::api::auth::login: Loaded 53133 contracts after login
[pid:5348] 2026-07-12T14:28:03.254008Z  INFO shioaji::api::token_pool: Removed invalid token from slot 2
[pid:5348] 2026-07-12T14:28:03.301815Z  INFO shioaji::api::token_pool: Removed invalid token from slot 3
[pid:5348] 2026-07-12T14:28:03.330628Z  INFO shioaji::api::api_v1::auth::token_login: No cached token available, performing new login
[pid:5348] 2026-07-12T14:28:03.531384Z  INFO shioaji::api::api_v1::auth::token_login: Stored new token in slot 2
[pid:5348] 2026-07-12T14:28:03.559452Z  INFO shioaji::api::api_v1::contracts::api: Loaded 127 IND contracts from cache
[pid:5348] 2026-07-12T14:28:03.592500Z  INFO shioaji::api::api_v1::contracts::api: Loaded 41625 STK contracts from cache
[pid:5348] 2026-07-12T14:28:03.600714Z  INFO shioaji::api::api_v1::contracts::api: Loaded 2467 FUT contracts from cache
[pid:5348] 2026-07-12T14:28:03.609271Z  INFO shioaji::api::api_v1::contracts::api: Loaded 8914 OPT contracts from cache
[pid:5348] 2026-07-12T14:28:03.609855Z  INFO _core::api::auth::login: Loaded 53133 contracts after login
[pid:5348] 2026-07-12T15:17:30.450151Z  INFO shioaji::api::token_pool: Successfully released token slot 2 via temporary runtime
[pid:57224] 2026-07-12T15:18:05.124982Z  INFO shioaji::api::api_v1::auth::token_login: Found cached token from slot 2, verifying...
[pid:57224] 2026-07-12T15:18:05.152835Z  INFO shioaji::api::api_v1::auth::token_login: Cached token is valid, using it
[pid:57224] 2026-07-12T15:18:05.159074Z  INFO shioaji::api::api_v1::contracts::api: Loaded 127 IND contracts from cache
[pid:57224] 2026-07-12T15:18:05.166457Z  INFO shioaji::api::api_v1::contracts::api: Loaded 41625 STK contracts from cache
[pid:57224] 2026-07-12T15:18:05.169581Z  INFO shioaji::api::api_v1::contracts::api: Loaded 2467 FUT contracts from cache
[pid:57224] 2026-07-12T15:18:05.173762Z  INFO shioaji::api::api_v1::contracts::api: Loaded 8914 OPT contracts from cache
[pid:57224] 2026-07-12T15:18:05.173913Z  INFO _core::api::auth::login: Loaded 53133 contracts after login
[pid:57224] 2026-07-13T00:00:53.772299Z ERROR rsolace::solclient: send msg to channel error: ReceiveClosed
[pid:48044] 2026-07-13T00:31:04.555223Z ERROR rsolace::solclient: send msg to channel error: ReceiveClosed
[pid:57224] 2026-07-13T00:31:04.843422Z ERROR rsolace::solclient: send msg to channel error: ReceiveClosed
[pid:57224] 2026-07-13T01:00:54.311122Z ERROR rsolace::solclient: send msg to channel error: ReceiveClosed
[pid:48044] 2026-07-13T01:00:54.427556Z ERROR rsolace::solclient: send msg to channel error: ReceiveClosed
